13:39:53.449 INFO [GridLauncherV3.parse] - Selenium server version: 3.141.59, revision: e82be7d358
13:39:53.531 INFO [GridLauncherV3.lambda$buildLaunchers$3] - Launching a standalone Selenium Server on port 4444
2018-11-20 13:39:53.605:INFO::main: Logging initialized @485ms to org.seleniumhq.jetty9.util.log.StdErrLog
13:39:53.929 INFO [WebDriverServlet.<init>] - Initialising WebDriverServlet
13:39:54.027 INFO [SeleniumServer.boot] - Selenium Server is up and running on port 4444
13:39:54.896 INFO [ActiveSessionFactory.apply] - Capabilities are: {
  "acceptSslCerts": true,
  "applicationCacheEnabled": true,
  "browserName": "chrome",
  "databaseEnabled": true,
  "javascriptEnabled": true,
  "name": "Auth \u002f Register",
  "nativeEvents": true,
  "webStorageEnabled": true
}
13:39:54.899 INFO [ActiveSessionFactory.lambda$apply$11] - Matched factory org.openqa.selenium.grid.session.remote.ServicedSession$Factory (provider: org.openqa.selenium.chrome.ChromeDriverService)
Starting ChromeDriver 2.43.600233 (523efee95e3d68b8719b3a1c83051aa63aa6b10d) on port 26421
Only local connections are allowed.
13:39:58.766 INFO [ProtocolHandshake.createSession] - Detected dialect: OSS
13:39:59.183 INFO [RemoteSession$Factory.lambda$performHandshake$0] - Started new session ea00c66a70fee1f1553facd6e148d6fd (org.openqa.selenium.chrome.ChromeDriverService)
13:40:04.127 INFO [ActiveSessions$1.onStop] - Removing session ea00c66a70fee1f1553facd6e148d6fd (org.openqa.selenium.chrome.ChromeDriverService)
13:40:04.141 INFO [ActiveSessionFactory.apply] - Capabilities are: {
  "acceptSslCerts": true,
  "applicationCacheEnabled": true,
  "browserName": "chrome",
  "databaseEnabled": true,
  "javascriptEnabled": true,
  "name": "Auth \u002f Register",
  "nativeEvents": true,
  "webStorageEnabled": true
}
13:40:04.142 INFO [ActiveSessionFactory.lambda$apply$11] - Matched factory org.openqa.selenium.grid.session.remote.ServicedSession$Factory (provider: org.openqa.selenium.chrome.ChromeDriverService)
Starting ChromeDriver 2.43.600233 (523efee95e3d68b8719b3a1c83051aa63aa6b10d) on port 20746
Only local connections are allowed.
13:40:07.710 INFO [ProtocolHandshake.createSession] - Detected dialect: OSS
13:40:07.808 INFO [RemoteSession$Factory.lambda$performHandshake$0] - Started new session acd425a813688b1e6606f934c3fd0463 (org.openqa.selenium.chrome.ChromeDriverService)
13:40:12.465 INFO [ActiveSessions$1.onStop] - Removing session acd425a813688b1e6606f934c3fd0463 (org.openqa.selenium.chrome.ChromeDriverService)
